Arguments: 
  /usr/local/bin/node /opt/homebrew/Cellar/yarn/1.22.19/libexec/bin/yarn.js init -Y

PATH: 
  /opt/homebrew/bin:/opt/homebrew/sbin:/usr/local/bin:/System/Cryptexes/App/usr/bin:/usr/bin:/bin:/usr/sbin:/sbin:/opt/homebrew/bin:/opt/homebrew/sbin:/Users/jasper/.rover/bin

Yarn version: 
  1.22.19

Node version: 
  20.12.2

Platform: 
  darwin arm64

Trace: 
  Error: canceled
      at Interface.<anonymous> (/opt/homebrew/Cellar/yarn/1.22.19/libexec/lib/cli.js:137150:13)
      at Interface.emit (node:events:518:28)
      at [_ttyWrite] [as _ttyWrite] (node:internal/readline/interface:1125:18)
      at ReadStream.onkeypress (node:internal/readline/interface:264:20)
      at ReadStream.emit (node:events:518:28)
      at emitKeys (node:internal/readline/utils:371:14)
      at emitKeys.next (<anonymous>)
      at ReadStream.onData (node:internal/readline/emitKeypressEvents:64:36)
      at ReadStream.emit (node:events:518:28)
      at addChunk (node:internal/streams/readable:559:12)

npm manifest: 
  {
    "packageManager": "^yarn@1.22.19",
    "dependencies": {
      "turbo": "^2.1.0"
    }
  }

yarn manifest: 
  No manifest

Lockfile: 
  # THIS IS AN AUTOGENERATED FILE. DO NOT EDIT THIS FILE DIRECTLY.
  # yarn lockfile v1
  
  
  turbo-darwin-64@2.1.0:
    version "2.1.0"
    resolved "https://registry.yarnpkg.com/turbo-darwin-64/-/turbo-darwin-64-2.1.0.tgz#d5b759f79a802b1fc9ca74da886266e5d2c181d3"
    integrity sha512-gHwpDk2gyB7qZ57gUUwDIS/IkglqEjjVtPZCTxmCRg28Tiwjui0azsLVKrnHP9UZHllozwbi28x8HXLXLEFF1w==
  
  turbo-darwin-arm64@2.1.0:
    version "2.1.0"
    resolved "https://registry.yarnpkg.com/turbo-darwin-arm64/-/turbo-darwin-arm64-2.1.0.tgz#46f4a68ebc1e0a12080f551dfab92c6ac7a860bc"
    integrity sha512-GLaqGetNC6eS4eqXgsheLOHic/OcnGCGDi5boVf+TFZTXYH6YE15L4ugZha4xHXCr1KouCLILHh+f8EHEmWylg==
  
  turbo-linux-64@2.1.0:
    version "2.1.0"
    resolved "https://registry.yarnpkg.com/turbo-linux-64/-/turbo-linux-64-2.1.0.tgz#79356529411a4a72a6856c3e44a567dfcdb960ad"
    integrity sha512-VzBOsj7JyGoZtiNZZ6brjnY7UehRnClluw7pwznuLPzClkqOOPMd2jOcgkWxnP/xW4NBmOoFANXXrtvKBD4f2w==
  
  turbo-linux-arm64@2.1.0:
    version "2.1.0"
    resolved "https://registry.yarnpkg.com/turbo-linux-arm64/-/turbo-linux-arm64-2.1.0.tgz#539a8d1d0077c34327beeea83b455213dc9f4f1b"
    integrity sha512-St7svJnOO5g4F6R7Z32e10I/0M3e6qpNjEYybXwPNul9NSfnUXeky4WoKaALwqNhyJ7nYemoFpZ1d+i8hFQTHg==
  
  turbo-windows-64@2.1.0:
    version "2.1.0"
    resolved "https://registry.yarnpkg.com/turbo-windows-64/-/turbo-windows-64-2.1.0.tgz#7ae309bdf7f101a0504bf0718cf46810ebd5af8f"
    integrity sha512-iSobNud2MrJ1SZ1upVPlErT8xexsr0MQtKapdfq6z0M0rBnrDGEq5bUCSScWyGu+O4+glB4br9xkTAkGFqaxqQ==
  
  turbo-windows-arm64@2.1.0:
    version "2.1.0"
    resolved "https://registry.yarnpkg.com/turbo-windows-arm64/-/turbo-windows-arm64-2.1.0.tgz#99d8b759dffa0d6c449ca1d82e67453599f5f3e7"
    integrity sha512-d61jN4rjE5PnUfF66GKrKoj8S8Ql4FGXzFFzZz4kjsHpZZzCTtqlzPZBmd1byzGYhDPTorTqG3G1USohbdyohA==
  
  turbo@^2.1.0:
    version "2.1.0"
    resolved "https://registry.yarnpkg.com/turbo/-/turbo-2.1.0.tgz#420691f41b9f983a36e6f30d34d16f747e4351fd"
    integrity sha512-A969/LO/sPHKlapIarY2VVzqQ5JnnW2/1kksZlnMEpsRD6gwOELvVL+ozfMiO7av9RILt3UeN02L17efr6HUCA==
    optionalDependencies:
      turbo-darwin-64 "2.1.0"
      turbo-darwin-arm64 "2.1.0"
      turbo-linux-64 "2.1.0"
      turbo-linux-arm64 "2.1.0"
      turbo-windows-64 "2.1.0"
      turbo-windows-arm64 "2.1.0"
